<?xml version="1.0" encoding="UTF-8"?>
<!-- Generated by org.testng.reporters.JUnitReportReporter -->
<testsuite skipped="1" hostname="VIJAY" name="org.tstng.anotations.Sample2" tests="7" failures="0" timestamp="10 Sep 2024 08:34:53 GMT" time="0.015" errors="0">
  <testcase name="tc4" time="0.000" classname="org.tstng.anotations.Sample2"/>
  <testcase name="tc4" time="0.000" classname="org.tstng.anotations.Sample2"/>
  <testcase name="tc4" time="0.015" classname="org.tstng.anotations.Sample2"/>
  <testcase name="tc2" time="0.000" classname="org.tstng.anotations.Sample2"/>
  <testcase name="tc6" time="0.000" classname="org.tstng.anotations.Sample2"/>
  <testcase name="tc5" time="0.000" classname="org.tstng.anotations.Sample2"/>
  <testcase name="tc1" classname="org.tstng.anotations.Sample2">
    <skipped/>
  </testcase> <!-- tc1 -->
</testsuite> <!-- org.tstng.anotations.Sample2 -->
