<?xml version="1.0" encoding="UTF-8"?>
<!-- Generated by org.testng.reporters.JUnitReportReporter -->
<testsuite skipped="0" hostname="VIJAY" name="org.task.ng.Question8" tests="1" failures="0" timestamp="02 Jul 2023 13:33:44 GMT" time="15.136" errors="0">
  <testcase name="tc1" time="15.136" classname="org.task.ng.Question8"/>
</testsuite> <!-- org.task.ng.Question8 -->
