<?xml version="1.0" encoding="UTF-8"?>
<!-- Generated by org.testng.reporters.JUnitReportReporter -->
<testsuite skipped="0" hostname="VIJAY" name="org.task.ng.Question1" tests="1" failures="0" timestamp="03 Jul 2023 12:49:27 GMT" time="1.380" errors="0">
  <testcase name="tc1" time="1.380" classname="org.task.ng.Question1"/>
</testsuite> <!-- org.task.ng.Question1 -->
