<?xml version="1.0" encoding="UTF-8"?>
<!-- Generated by org.testng.reporters.JUnitReportReporter -->
<testsuite skipped="0" hostname="VIJAY" name="org.tstng.anotations.Sample" tests="3" failures="0" timestamp="30 Jun 2023 18:57:36 GMT" time="0.015" errors="0">
  <testcase name="tc3" time="0.005" classname="org.tstng.anotations.Sample"/>
  <testcase name="tc2" time="0.005" classname="org.tstng.anotations.Sample"/>
  <testcase name="tc1" time="0.005" classname="org.tstng.anotations.Sample"/>
</testsuite> <!-- org.tstng.anotations.Sample -->
