<?xml version="1.0" encoding="UTF-8"?>
<!-- Generated by org.testng.reporters.JUnitReportReporter -->
<testsuite skipped="0" hostname="VIJAY" name="org.pract.Demo" tests="1" failures="0" timestamp="09 Apr 2024 13:34:45 GMT" time="0.000" errors="0">
  <testcase name="tc9" time="0.000" classname="org.pract.Demo"/>
</testsuite> <!-- org.pract.Demo -->
