<?xml version="1.0" encoding="UTF-8"?>
<!-- Generated by org.testng.reporters.JUnitReportReporter -->
<testsuite skipped="0" hostname="VIJAY" name="org.grouping.B" tests="3" failures="0" timestamp="10 Sep 2024 10:27:05 GMT" time="0.031" errors="0">
  <testcase name="tc1" time="0.031" classname="org.grouping.B"/>
  <testcase name="tc22" time="0.000" classname="org.grouping.B"/>
  <testcase name="tc33" time="0.000" classname="org.grouping.B"/>
</testsuite> <!-- org.grouping.B -->
