<?xml version="1.0" encoding="UTF-8"?>
<!-- Generated by org.testng.reporters.JUnitReportReporter -->
<testsuite skipped="0" hostname="VIJAY" name="org.Adactin.AdactinTask" tests="5" failures="0" timestamp="02 Jul 2023 14:06:37 GMT" time="23.009" errors="0">
  <testcase name="tc3" time="3.561" classname="org.Adactin.AdactinTask"/>
  <testcase name="tc2" time="4.850" classname="org.Adactin.AdactinTask"/>
  <testcase name="tc4" time="1.331" classname="org.Adactin.AdactinTask"/>
  <testcase name="tc1" time="7.079" classname="org.Adactin.AdactinTask"/>
  <testcase name="tc5" time="6.188" classname="org.Adactin.AdactinTask"/>
</testsuite> <!-- org.Adactin.AdactinTask -->
