<?xml version="1.0" encoding="UTF-8"?>
<!-- Generated by org.testng.reporters.JUnitReportReporter -->
<testsuite skipped="0" hostname="VIJAY" name="org.task.ng.Question6" tests="3" failures="0" timestamp="03 Jul 2023 12:52:46 GMT" time="168.355" errors="0">
  <testcase name="tc1" time="24.446" classname="org.task.ng.Question6"/>
  <testcase name="tc1" time="93.492" classname="org.task.ng.Question6"/>
  <testcase name="tc1" time="50.417" classname="org.task.ng.Question6"/>
</testsuite> <!-- org.task.ng.Question6 -->
