<?xml version="1.0" encoding="UTF-8"?>
<!-- Generated by org.testng.reporters.JUnitReportReporter -->
<testsuite skipped="0" hostname="VIJAY" name="org.grouping.A" tests="3" failures="0" timestamp="10 Sep 2024 10:27:05 GMT" time="0.031" errors="0">
  <testcase name="tc111" time="0.016" classname="org.grouping.A"/>
  <testcase name="tc333" time="0.015" classname="org.grouping.A"/>
  <testcase name="tc222" time="0.000" classname="org.grouping.A"/>
</testsuite> <!-- org.grouping.A -->
